<?xml version="1.0" encoding="UTF-8"?>
<!-- Generated by org.testng.reporters.JUnitXMLReporter -->
<testsuite hostname="M4L-FAC-REKHAB" name="Test" tests="5" failures="2" timestamp="3 Oct 2019 07:34:14 GMT" time="22.086" errors="0">
  <testcase name="checkurl" time="0.016" classname="listenderdemosuitelevel.VerifyGooglePageTest">
    <failure type="java.lang.AssertionError" message="expected [google] but found [Google]">
      <![CDATA[java.lang.AssertionError: expected [google] but found [Google]
	at listenderdemosuitelevel.VerifyGooglePageTest.checkurl(VerifyGooglePageTest.java:31)
... Removed 31 stack frames]]>
    </failure>
  </testcase> <!-- checkurl -->
  <testcase name="checklogo" time="0.118" classname="listenderdemosuitelevel.VerifyGooglePageTest"/>
  <testcase name="startapp" time="5.988" classname="listenderdemosuitelevel.AlwaysTrue"/>
  <testcase name="checkurl" time="0.015" classname="listenderdemosuitelevel.AlwaysTrue">
    <failure type="java.lang.AssertionError" message="expected [google] but found [Google]">
      <![CDATA[java.lang.AssertionError: expected [google] but found [Google]
	at listenderdemosuitelevel.AlwaysTrue.checkurl(AlwaysTrue.java:27)
... Removed 31 stack frames]]>
    </failure>
  </testcase> <!-- checkurl -->
  <testcase name="signoff" time="0.954" classname="listenderdemosuitelevel.AlwaysTrue"/>
</testsuite> <!-- Test -->
